# JRE version: Java(TM) SE Runtime Environment (8.0_121-b13) (build 1.8.0_121-b13)
# Java VM: Java HotSpot(TM) 64-Bit Server VM (25.121-b13 mixed mode bsd-amd64 compressed oops)
Heap:
 PSYoungGen      total 71680K, used 3302K [0x0000000795580000, 0x000000079a080000, 0x00000007c0000000)
  eden space 66560K, 4% used [0x0000000795580000,0x00000007958b9998,0x0000000799680000)
  from space 5120K, 0% used [0x0000000799b80000,0x0000000799b80000,0x000000079a080000)
  to   space 5120K, 0% used [0x0000000799680000,0x0000000799680000,0x0000000799b80000)
 ParOldGen       total 90112K, used 4906K [0x0000000740000000, 0x0000000745800000, 0x0000000795580000)
  object space 90112K, 5% used [0x0000000740000000,0x00000007404caa60,0x0000000745800000)
 Metaspace       used 11237K, capacity 11361K, committed 11520K, reserved 1058816K
  class space    used 1215K, capacity 1279K, committed 1280K, reserved 1048576K
GC Heap History (6 events):
Event: 1.713 GC heap before
{Heap before GC invocations=1 (full 0):
 PSYoungGen      total 38400K, used 33280K [0x0000000795580000, 0x0000000798000000, 0x00000007c0000000)
  eden space 33280K, 100% used [0x0000000795580000,0x0000000797600000,0x0000000797600000)
  from space 5120K, 0% used [0x0000000797b00000,0x0000000797b00000,0x0000000798000000)
  to   space 5120K, 0% used [0x0000000797600000,0x0000000797600000,0x0000000797b00000)
 ParOldGen       total 87552K, used 0K [0x0000000740000000, 0x0000000745580000, 0x0000000795580000)
  object space 87552K, 0% used [0x0000000740000000,0x0000000740000000,0x0000000745580000)
 Metaspace       used 9587K, capacity 9729K, committed 9856K, reserved 1058816K
  class space    used 1038K, capacity 1119K, committed 1152K, reserved 1048576K
Event: 1.744 GC heap after
Heap after GC invocations=1 (full 0):
 PSYoungGen      total 38400K, used 5096K [0x0000000795580000, 0x000000079a080000, 0x00000007c0000000)
  eden space 33280K, 0% used [0x0000000795580000,0x0000000795580000,0x0000000797600000)
  from space 5120K, 99% used [0x0000000797600000,0x0000000797afa168,0x0000000797b00000)
  to   space 5120K, 0% used [0x0000000799b80000,0x0000000799b80000,0x000000079a080000)
 ParOldGen       total 87552K, used 35112K [0x0000000740000000, 0x0000000745580000, 0x0000000795580000)
  object space 87552K, 40% used [0x0000000740000000,0x000000074224a268,0x0000000745580000)
 Metaspace       used 9587K, capacity 9729K, committed 9856K, reserved 1058816K
  class space    used 1038K, capacity 1119K, committed 1152K, reserved 1048576K
}
Event: 2.216 GC heap before
{Heap before GC invocations=2 (full 0):
 PSYoungGen      total 38400K, used 38200K [0x0000000795580000, 0x000000079a080000, 0x00000007c0000000)
  eden space 33280K, 99% used [0x0000000795580000,0x00000007975d3ee0,0x0000000797600000)
  from space 5120K, 99% used [0x0000000797600000,0x0000000797afa168,0x0000000797b00000)
  to   space 5120K, 0% used [0x0000000799b80000,0x0000000799b80000,0x000000079a080000)
 ParOldGen       total 87552K, used 35112K [0x0000000740000000, 0x0000000745580000, 0x0000000795580000)
  object space 87552K, 40% used [0x0000000740000000,0x000000074224a268,0x0000000745580000)
 Metaspace       used 9965K, capacity 10145K, committed 10368K, reserved 1058816K
  class space    used 1076K, capacity 1151K, committed 1152K, reserved 1048576K
Event: 2.231 GC heap after
Heap after GC invocations=2 (full 0):
 PSYoungGen      total 71680K, used 5092K [0x0000000795580000, 0x000000079a080000, 0x00000007c0000000)
  eden space 66560K, 0% used [0x0000000795580000,0x0000000795580000,0x0000000799680000)
  from space 5120K, 99% used [0x0000000799b80000,0x000000079a0792b0,0x000000079a080000)
  to   space 5120K, 0% used [0x0000000799680000,0x0000000799680000,0x0000000799b80000)
 ParOldGen       total 87552K, used 44325K [0x0000000740000000, 0x0000000745580000, 0x0000000795580000)
  object space 87552K, 50% used [0x0000000740000000,0x0000000742b49668,0x0000000745580000)
 Metaspace       used 9965K, capacity 10145K, committed 10368K, reserved 1058816K
  class space    used 1076K, capacity 1151K, committed 1152K, reserved 1048576K
}
Event: 5.079 GC heap before
{Heap before GC invocations=3 (full 1):
 PSYoungGen      total 71680K, used 71652K [0x0000000795580000, 0x000000079a080000, 0x00000007c0000000)
  eden space 66560K, 100% used [0x0000000795580000,0x0000000799680000,0x0000000799680000)
  from space 5120K, 99% used [0x0000000799b80000,0x000000079a0792b0,0x000000079a080000)
  to   space 5120K, 0% used [0x0000000799680000,0x0000000799680000,0x0000000799b80000)
 ParOldGen       total 153600K, used 148507K [0x0000000740000000, 0x0000000749600000, 0x0000000795580000)
  object space 153600K, 96% used [0x0000000740000000,0x0000000749106e88,0x0000000749600000)
 Metaspace       used 11237K, capacity 11361K, committed 11520K, reserved 1058816K
  class space    used 1215K, capacity 1279K, committed 1280K, reserved 1048576K
Event: 5.135 GC heap after
Heap after GC invocations=3 (full 1):
 PSYoungGen      total 71680K, used 0K [0x0000000795580000, 0x000000079a080000, 0x00000007c0000000)
  eden space 66560K, 0% used [0x0000000795580000,0x0000000795580000,0x0000000799680000)
  from space 5120K, 0% used [0x0000000799b80000,0x0000000799b80000,0x000000079a080000)
  to   space 5120K, 0% used [0x0000000799680000,0x0000000799680000,0x0000000799b80000)
 ParOldGen       total 90112K, used 4906K [0x0000000740000000, 0x0000000745800000, 0x0000000795580000)
  object space 90112K, 5% used [0x0000000740000000,0x00000007404caa60,0x0000000745800000)
 Metaspace       used 11237K, capacity 11361K, committed 11520K, reserved 1058816K
  class space    used 1215K, capacity 1279K, committed 1280K, reserved 1048576K
}

